#read index (1-based)
#num_of_reads: 56
1	B7_591:4:96:693:509
2	EAS54_65:7:152:368:113
3	EAS51_64:8:5:734:57
4	B7_591:1:289:587:906
5	EAS56_59:8:38:671:758
6	EAS1_93:7:252:171:323
7	B7_593:4:106:316:452
8	B7_589:8:113:968:19
9	EAS54_65:3:321:311:983
10	B7_591:6:155:12:674
11	EAS219_FC30151:7:51:1429:1043
12	B7_591:5:42:540:501
13	EAS192_3:5:223:142:410
14	EAS1_108:1:65:787:74
15	EAS56_61:6:227:259:597
16	EAS114_30:1:243:10:911
17	EAS221_1:2:90:986:1224
18	EAS54_67:3:175:730:949
19	EAS54_65:8:76:493:708
20	EAS1_97:7:20:979:96
21	EAS114_26:3:284:261:124
22	EAS221_1:2:29:1486:672
23	EAS188_7:2:218:877:489
24	EAS51_64:7:242:862:732
25	EAS56_57:6:190:289:82
26	EAS51_64:3:190:727:308
27	EAS112_34:7:141:80:875
28	EAS56_53:3:126:558:408
29	EAS56_57:6:157:643:175
30	EAS1_103:5:141:711:813
31	EAS54_65:6:115:538:276
32	EAS114_30:1:176:168:513
33	EAS1_95:7:282:817:710
34	EAS51_66:4:240:264:231
35	EAS1_93:7:14:426:613
36	EAS1_93:2:173:995:93
37	EAS51_64:6:195:348:703
38	EAS1_108:2:62:879:264
39	EAS54_61:4:83:452:970
40	EAS218_1:2:64:1318:1711
41	EAS1_93:4:160:896:275
42	B7_591:6:181:191:418
43	EAS114_28:7:242:354:637
44	B7_589:1:122:77:789
45	EAS139_19:5:89:525:113
46	EAS54_71:2:125:628:79
47	EAS114_32:5:78:583:499
48	EAS114_45:1:84:275:1572
49	EAS1_108:4:248:753:731
50	EAS114_45:1:9:1289:215
51	B7_595:7:188:802:71
52	EAS114_45:6:5:730:1436
53	EAS139_19:2:57:1672:1890
54	EAS1_105:2:299:360:220
55	EAS221_1:2:24:1037:84
56	EAS1_105:3:86:823:683

#site index (1-based)
#num_of_sites: 6
1	2	C	T
2	11	C	T
3	12	C	T
4	76	A	G
5	112	A	G
6	241	A	G

#the matrix (sorted by read01)
#rid	sid	nuc	qual
1	2	0	C	27
1	3	0	C	27
1	4	1	T	27
2	3	0	C	27
2	4	1	T	27
3	3	0	C	27
3	4	1	T	27
4	3	0	C	12
4	4	1	T	12
5	3	0	C	27
5	4	1	T	27
6	5	-1	C	22
6	7	-1	C	18
7	5	-1	C	27
7	7	-1	C	27
8	5	-1	C	26
8	7	-1	C	27
9	5	-1	C	19
9	7	-1	C	27
10	5	-1	C	27
10	7	-1	C	26
11	5	-1	C	27
11	7	-1	C	27
12	5	-1	C	27
12	7	-1	C	27
13	5	-1	C	27
13	7	-1	C	26
14	5	-1	C	26
14	7	-1	C	27
15	5	-1	C	27
16	5	-1	C	27
16	7	-1	C	26
17	5	-1	C	27
18	5	-1	C	27
18	7	-1	C	22
19	5	-1	C	27
19	7	-1	C	7
20	6	1	G	25
21	6	1	G	28
22	6	1	G	26
23	6	1	G	21
24	6	1	G	27
25	6	1	G	27
26	6	1	G	27
27	6	1	G	27
28	7	-1	C	26
29	7	-1	C	27
30	7	-1	C	27
31	7	-1	C	26
32	7	-1	C	25
33	7	-1	C	25
34	7	-1	C	27
35	7	-1	C	28
36	7	-1	C	26
37	7	-1	C	27
38	7	-1	C	27
39	7	-1	C	28
40	7	-1	C	27
41	7	-1	C	27
42	7	-1	C	27
43	7	-1	C	27
44	7	-1	C	27
45	7	-1	C	6
46	7	-1	C	28
47	7	-1	C	22
48	7	-1	C	26
49	7	-1	C	27
50	7	-1	C	26
51	7	-1	C	27
52	7	-1	C	26
53	7	-1	C	24
54	7	-1	C	27
55	7	-1	C	27
56	7	-1	C	27
56	6	0	0
